# JRE version: OpenJDK Runtime Environment Temurin-21.0.9+10 (21.0.9+10) (build 21.0.9+10-LTS)
# Java VM: OpenJDK 64-Bit Server VM Temurin-21.0.9+10 (21.0.9+10-LTS, mixed mode, sharing, tiered, compressed oops, compressed class ptrs, parallel gc, windows-amd64)
GC Precious Log:
 CardTable entry size: 512
 CPUs: 8 total, 8 available
 Memory: 7986M
 Large Page Support: Disabled
 NUMA Support: Disabled
 Compressed Oops: Enabled (32-bit)
 Alignments: Space 512K, Generation 512K, Heap 2M
 Heap Min Capacity: 100M
 Heap Initial Capacity: 100M
 Heap Max Capacity: 2G
 Pre-touch: Disabled
 Parallel Workers: 8
Heap:
 PSYoungGen      total 10240K, used 6276K [0x00000000d5580000, 0x00000000d6b80000, 0x0000000100000000)
  eden space 7168K, 45% used [0x00000000d5580000,0x00000000d58a68d0,0x00000000d5c80000)
  from space 3072K, 99% used [0x00000000d5c80000,0x00000000d5f7a788,0x00000000d5f80000)
  to   space 7680K, 0% used [0x00000000d6400000,0x00000000d6400000,0x00000000d6b80000)
 ParOldGen       total 108032K, used 108002K [0x0000000080000000, 0x0000000086980000, 0x00000000d5580000)
  object space 108032K, 99% used [0x0000000080000000,0x0000000086978b90,0x0000000086980000)
 Metaspace       used 72709K, committed 74432K, reserved 1179648K
  class space    used 7682K, committed 8384K, reserved 1048576K
GC Heap History (20 events):
Event: 243.819 GC heap before
{Heap before GC invocations=119 (full 3):
 PSYoungGen      total 8704K, used 8347K [0x00000000d5580000, 0x00000000d6280000, 0x0000000100000000)
  eden space 7168K, 100% used [0x00000000d5580000,0x00000000d5c80000,0x00000000d5c80000)
  from space 1536K, 76% used [0x00000000d5f80000,0x00000000d60a6cb8,0x00000000d6100000)
  to   space 1536K, 0% used [0x00000000d6100000,0x00000000d6100000,0x00000000d6280000)
 ParOldGen       total 96256K, used 96232K [0x0000000080000000, 0x0000000085e00000, 0x00000000d5580000)
  object space 96256K, 99% used [0x0000000080000000,0x0000000085dfa070,0x0000000085e00000)
 Metaspace       used 70451K, committed 72000K, reserved 1114112K
  class space    used 7482K, committed 8128K, reserved 1048576K
}
Event: 243.823 GC heap after
{Heap after GC invocations=119 (full 3):
 PSYoungGen      total 8704K, used 1377K [0x00000000d5580000, 0x00000000d6280000, 0x0000000100000000)
  eden space 7168K, 0% used [0x00000000d5580000,0x00000000d5580000,0x00000000d5c80000)
  from space 1536K, 89% used [0x00000000d6100000,0x00000000d62587a8,0x00000000d6280000)
  to   space 1536K, 0% used [0x00000000d5f80000,0x00000000d5f80000,0x00000000d6100000)
 ParOldGen       total 97280K, used 97267K [0x0000000080000000, 0x0000000085f00000, 0x00000000d5580000)
  object space 97280K, 99% used [0x0000000080000000,0x0000000085efcdf8,0x0000000085f00000)
 Metaspace       used 70451K, committed 72000K, reserved 1114112K
  class space    used 7482K, committed 8128K, reserved 1048576K
}
Event: 244.115 GC heap before
{Heap before GC invocations=120 (full 3):
 PSYoungGen      total 8704K, used 8545K [0x00000000d5580000, 0x00000000d6280000, 0x0000000100000000)
  eden space 7168K, 100% used [0x00000000d5580000,0x00000000d5c80000,0x00000000d5c80000)
  from space 1536K, 89% used [0x00000000d6100000,0x00000000d62587a8,0x00000000d6280000)
  to   space 1536K, 0% used [0x00000000d5f80000,0x00000000d5f80000,0x00000000d6100000)
 ParOldGen       total 97280K, used 97267K [0x0000000080000000, 0x0000000085f00000, 0x00000000d5580000)
  object space 97280K, 99% used [0x0000000080000000,0x0000000085efcdf8,0x0000000085f00000)
 Metaspace       used 70649K, committed 72192K, reserved 1114112K
  class space    used 7485K, committed 8128K, reserved 1048576K
}
Event: 244.119 GC heap after
{Heap after GC invocations=120 (full 3):
 PSYoungGen      total 8704K, used 1087K [0x00000000d5580000, 0x00000000d6180000, 0x0000000100000000)
  eden space 7168K, 0% used [0x00000000d5580000,0x00000000d5580000,0x00000000d5c80000)
  from space 1536K, 70% used [0x00000000d5f80000,0x00000000d608fe48,0x00000000d6100000)
  to   space 512K, 0% used [0x00000000d6100000,0x00000000d6100000,0x00000000d6180000)
 ParOldGen       total 98816K, used 98460K [0x0000000080000000, 0x0000000086080000, 0x00000000d5580000)
  object space 98816K, 99% used [0x0000000080000000,0x0000000086027068,0x0000000086080000)
 Metaspace       used 70649K, committed 72192K, reserved 1114112K
  class space    used 7485K, committed 8128K, reserved 1048576K
}
Event: 244.656 GC heap before
{Heap before GC invocations=121 (full 3):
 PSYoungGen      total 8704K, used 8255K [0x00000000d5580000, 0x00000000d6180000, 0x0000000100000000)
  eden space 7168K, 100% used [0x00000000d5580000,0x00000000d5c80000,0x00000000d5c80000)
  from space 1536K, 70% used [0x00000000d5f80000,0x00000000d608fe48,0x00000000d6100000)
  to   space 512K, 0% used [0x00000000d6100000,0x00000000d6100000,0x00000000d6180000)
 ParOldGen       total 98816K, used 98460K [0x0000000080000000, 0x0000000086080000, 0x00000000d5580000)
  object space 98816K, 99% used [0x0000000080000000,0x0000000086027068,0x0000000086080000)
 Metaspace       used 70938K, committed 72512K, reserved 1114112K
  class space    used 7491K, committed 8128K, reserved 1048576K
}
Event: 244.662 GC heap after
{Heap after GC invocations=121 (full 3):
 PSYoungGen      total 7680K, used 512K [0x00000000d5580000, 0x00000000d6180000, 0x0000000100000000)
  eden space 7168K, 0% used [0x00000000d5580000,0x00000000d5580000,0x00000000d5c80000)
  from space 512K, 100% used [0x00000000d6100000,0x00000000d6180000,0x00000000d6180000)
  to   space 2560K, 0% used [0x00000000d5c80000,0x00000000d5c80000,0x00000000d5f00000)
 ParOldGen       total 100352K, used 100017K [0x0000000080000000, 0x0000000086200000, 0x00000000d5580000)
  object space 100352K, 99% used [0x0000000080000000,0x00000000861ac500,0x0000000086200000)
 Metaspace       used 70938K, committed 72512K, reserved 1114112K
  class space    used 7491K, committed 8128K, reserved 1048576K
}
Event: 245.463 GC heap before
{Heap before GC invocations=122 (full 3):
 PSYoungGen      total 7680K, used 7680K [0x00000000d5580000, 0x00000000d6180000, 0x0000000100000000)
  eden space 7168K, 100% used [0x00000000d5580000,0x00000000d5c80000,0x00000000d5c80000)
  from space 512K, 100% used [0x00000000d6100000,0x00000000d6180000,0x00000000d6180000)
  to   space 2560K, 0% used [0x00000000d5c80000,0x00000000d5c80000,0x00000000d5f00000)
 ParOldGen       total 100352K, used 100017K [0x0000000080000000, 0x0000000086200000, 0x00000000d5580000)
  object space 100352K, 99% used [0x0000000080000000,0x00000000861ac500,0x0000000086200000)
 Metaspace       used 71151K, committed 72768K, reserved 1114112K
  class space    used 7522K, committed 8192K, reserved 1048576K
}
Event: 245.467 GC heap after
{Heap after GC invocations=122 (full 3):
 PSYoungGen      total 9728K, used 992K [0x00000000d5580000, 0x00000000d6180000, 0x0000000100000000)
  eden space 7168K, 0% used [0x00000000d5580000,0x00000000d5580000,0x00000000d5c80000)
  from space 2560K, 38% used [0x00000000d5c80000,0x00000000d5d78000,0x00000000d5f00000)
  to   space 1536K, 0% used [0x00000000d6000000,0x00000000d6000000,0x00000000d6180000)
 ParOldGen       total 100864K, used 100545K [0x0000000080000000, 0x0000000086280000, 0x00000000d5580000)
  object space 100864K, 99% used [0x0000000080000000,0x0000000086230500,0x0000000086280000)
 Metaspace       used 71151K, committed 72768K, reserved 1114112K
  class space    used 7522K, committed 8192K, reserved 1048576K
}
Event: 246.013 GC heap before
{Heap before GC invocations=123 (full 3):
 PSYoungGen      total 9728K, used 8160K [0x00000000d5580000, 0x00000000d6180000, 0x0000000100000000)
  eden space 7168K, 100% used [0x00000000d5580000,0x00000000d5c80000,0x00000000d5c80000)
  from space 2560K, 38% used [0x00000000d5c80000,0x00000000d5d78000,0x00000000d5f00000)
  to   space 1536K, 0% used [0x00000000d6000000,0x00000000d6000000,0x00000000d6180000)
 ParOldGen       total 100864K, used 100545K [0x0000000080000000, 0x0000000086280000, 0x00000000d5580000)
  object space 100864K, 99% used [0x0000000080000000,0x0000000086230500,0x0000000086280000)
 Metaspace       used 71440K, committed 73088K, reserved 1114112K
  class space    used 7562K, committed 8256K, reserved 1048576K
}
Event: 246.016 GC heap after
{Heap after GC invocations=123 (full 3):
 PSYoungGen      total 8192K, used 896K [0x00000000d5580000, 0x00000000d6100000, 0x0000000100000000)
  eden space 7168K, 0% used [0x00000000d5580000,0x00000000d5580000,0x00000000d5c80000)
  from space 1024K, 87% used [0x00000000d6000000,0x00000000d60e0000,0x00000000d6100000)
  to   space 1024K, 0% used [0x00000000d5f00000,0x00000000d5f00000,0x00000000d6000000)
 ParOldGen       total 101888K, used 101411K [0x0000000080000000, 0x0000000086380000, 0x00000000d5580000)
  object space 101888K, 99% used [0x0000000080000000,0x0000000086308ef0,0x0000000086380000)
 Metaspace       used 71440K, committed 73088K, reserved 1114112K
  class space    used 7562K, committed 8256K, reserved 1048576K
}
Event: 246.265 GC heap before
{Heap before GC invocations=124 (full 3):
 PSYoungGen      total 8192K, used 8064K [0x00000000d5580000, 0x00000000d6100000, 0x0000000100000000)
  eden space 7168K, 100% used [0x00000000d5580000,0x00000000d5c80000,0x00000000d5c80000)
  from space 1024K, 87% used [0x00000000d6000000,0x00000000d60e0000,0x00000000d6100000)
  to   space 1024K, 0% used [0x00000000d5f00000,0x00000000d5f00000,0x00000000d6000000)
 ParOldGen       total 101888K, used 101411K [0x0000000080000000, 0x0000000086380000, 0x00000000d5580000)
  object space 101888K, 99% used [0x0000000080000000,0x0000000086308ef0,0x0000000086380000)
 Metaspace       used 71463K, committed 73088K, reserved 1114112K
  class space    used 7562K, committed 8256K, reserved 1048576K
}
Event: 246.267 GC heap after
{Heap after GC invocations=124 (full 3):
 PSYoungGen      total 8192K, used 768K [0x00000000d5580000, 0x00000000d6080000, 0x0000000100000000)
  eden space 7168K, 0% used [0x00000000d5580000,0x00000000d5580000,0x00000000d5c80000)
  from space 1024K, 75% used [0x00000000d5f00000,0x00000000d5fc0000,0x00000000d6000000)
  to   space 512K, 0% used [0x00000000d6000000,0x00000000d6000000,0x00000000d6080000)
 ParOldGen       total 102400K, used 102119K [0x0000000080000000, 0x0000000086400000, 0x00000000d5580000)
  object space 102400K, 99% used [0x0000000080000000,0x00000000863b9f00,0x0000000086400000)
 Metaspace       used 71463K, committed 73088K, reserved 1114112K
  class space    used 7562K, committed 8256K, reserved 1048576K
}
Event: 246.689 GC heap before
{Heap before GC invocations=125 (full 3):
 PSYoungGen      total 8192K, used 7936K [0x00000000d5580000, 0x00000000d6080000, 0x0000000100000000)
  eden space 7168K, 100% used [0x00000000d5580000,0x00000000d5c80000,0x00000000d5c80000)
  from space 1024K, 75% used [0x00000000d5f00000,0x00000000d5fc0000,0x00000000d6000000)
  to   space 512K, 0% used [0x00000000d6000000,0x00000000d6000000,0x00000000d6080000)
 ParOldGen       total 102400K, used 102119K [0x0000000080000000, 0x0000000086400000, 0x00000000d5580000)
  object space 102400K, 99% used [0x0000000080000000,0x00000000863b9f00,0x0000000086400000)
 Metaspace       used 72025K, committed 73728K, reserved 1179648K
  class space    used 7621K, committed 8320K, reserved 1048576K
}
Event: 246.691 GC heap after
{Heap after GC invocations=125 (full 3):
 PSYoungGen      total 7680K, used 506K [0x00000000d5580000, 0x00000000d6080000, 0x0000000100000000)
  eden space 7168K, 0% used [0x00000000d5580000,0x00000000d5580000,0x00000000d5c80000)
  from space 512K, 98% used [0x00000000d6000000,0x00000000d607e8c8,0x00000000d6080000)
  to   space 1024K, 0% used [0x00000000d5e80000,0x00000000d5e80000,0x00000000d5f80000)
 ParOldGen       total 102912K, used 102519K [0x0000000080000000, 0x0000000086480000, 0x00000000d5580000)
  object space 102912K, 99% used [0x0000000080000000,0x000000008641df30,0x0000000086480000)
 Metaspace       used 72025K, committed 73728K, reserved 1179648K
  class space    used 7621K, committed 8320K, reserved 1048576K
}
Event: 537.549 GC heap before
{Heap before GC invocations=126 (full 3):
 PSYoungGen      total 7680K, used 7674K [0x00000000d5580000, 0x00000000d6080000, 0x0000000100000000)
  eden space 7168K, 99% used [0x00000000d5580000,0x00000000d5c7ffd8,0x00000000d5c80000)
  from space 512K, 98% used [0x00000000d6000000,0x00000000d607e8c8,0x00000000d6080000)
  to   space 1024K, 0% used [0x00000000d5e80000,0x00000000d5e80000,0x00000000d5f80000)
 ParOldGen       total 102912K, used 102519K [0x0000000080000000, 0x0000000086480000, 0x00000000d5580000)
  object space 102912K, 99% used [0x0000000080000000,0x000000008641df30,0x0000000086480000)
 Metaspace       used 72565K, committed 74304K, reserved 1179648K
  class space    used 7671K, committed 8384K, reserved 1048576K
}
Event: 537.553 GC heap after
{Heap after GC invocations=126 (full 3):
 PSYoungGen      total 8192K, used 320K [0x00000000d5580000, 0x00000000d6080000, 0x0000000100000000)
  eden space 7168K, 0% used [0x00000000d5580000,0x00000000d5580000,0x00000000d5c80000)
  from space 1024K, 31% used [0x00000000d5e80000,0x00000000d5ed0000,0x00000000d5f80000)
  to   space 1024K, 0% used [0x00000000d5f80000,0x00000000d5f80000,0x00000000d6080000)
 ParOldGen       total 102912K, used 102911K [0x0000000080000000, 0x0000000086480000, 0x00000000d5580000)
  object space 102912K, 99% used [0x0000000080000000,0x000000008647ff20,0x0000000086480000)
 Metaspace       used 72565K, committed 74304K, reserved 1179648K
  class space    used 7671K, committed 8384K, reserved 1048576K
}
Event: 742.991 GC heap before
{Heap before GC invocations=127 (full 3):
 PSYoungGen      total 8192K, used 7013K [0x00000000d5580000, 0x00000000d6080000, 0x0000000100000000)
  eden space 7168K, 93% used [0x00000000d5580000,0x00000000d5c09688,0x00000000d5c80000)
  from space 1024K, 31% used [0x00000000d5e80000,0x00000000d5ed0000,0x00000000d5f80000)
  to   space 1024K, 0% used [0x00000000d5f80000,0x00000000d5f80000,0x00000000d6080000)
 ParOldGen       total 102912K, used 102911K [0x0000000080000000, 0x0000000086480000, 0x00000000d5580000)
  object space 102912K, 99% used [0x0000000080000000,0x000000008647ff20,0x0000000086480000)
 Metaspace       used 72694K, committed 74432K, reserved 1179648K
  class space    used 7682K, committed 8384K, reserved 1048576K
}
Event: 742.994 GC heap after
{Heap after GC invocations=127 (full 3):
 PSYoungGen      total 8192K, used 993K [0x00000000d5580000, 0x00000000d6280000, 0x0000000100000000)
  eden space 7168K, 0% used [0x00000000d5580000,0x00000000d5580000,0x00000000d5c80000)
  from space 1024K, 97% used [0x00000000d5f80000,0x00000000d60786b0,0x00000000d6080000)
  to   space 3072K, 0% used [0x00000000d5c80000,0x00000000d5c80000,0x00000000d5f80000)
 ParOldGen       total 104448K, used 104286K [0x0000000080000000, 0x0000000086600000, 0x00000000d5580000)
  object space 104448K, 99% used [0x0000000080000000,0x00000000865d7808,0x0000000086600000)
 Metaspace       used 72694K, committed 74432K, reserved 1179648K
  class space    used 7682K, committed 8384K, reserved 1048576K
}
Event: 743.255 GC heap before
{Heap before GC invocations=128 (full 3):
 PSYoungGen      total 8192K, used 8142K [0x00000000d5580000, 0x00000000d6280000, 0x0000000100000000)
  eden space 7168K, 99% used [0x00000000d5580000,0x00000000d5c7b4b8,0x00000000d5c80000)
  from space 1024K, 97% used [0x00000000d5f80000,0x00000000d60786b0,0x00000000d6080000)
  to   space 3072K, 0% used [0x00000000d5c80000,0x00000000d5c80000,0x00000000d5f80000)
 ParOldGen       total 104448K, used 104286K [0x0000000080000000, 0x0000000086600000, 0x00000000d5580000)
  object space 104448K, 99% used [0x0000000080000000,0x00000000865d7808,0x0000000086600000)
 Metaspace       used 72696K, committed 74432K, reserved 1179648K
  class space    used 7682K, committed 8384K, reserved 1048576K
}
Event: 743.259 GC heap after
{Heap after GC invocations=128 (full 3):
 PSYoungGen      total 10240K, used 3049K [0x00000000d5580000, 0x00000000d6b80000, 0x0000000100000000)
  eden space 7168K, 0% used [0x00000000d5580000,0x00000000d5580000,0x00000000d5c80000)
  from space 3072K, 99% used [0x00000000d5c80000,0x00000000d5f7a788,0x00000000d5f80000)
  to   space 7680K, 0% used [0x00000000d6400000,0x00000000d6400000,0x00000000d6b80000)
 ParOldGen       total 108032K, used 108002K [0x0000000080000000, 0x0000000086980000, 0x00000000d5580000)
  object space 108032K, 99% used [0x0000000080000000,0x0000000086978b90,0x0000000086980000)
 Metaspace       used 72696K, committed 74432K, reserved 1179648K
  class space    used 7682K, committed 8384K, reserved 1048576K
}

